[2025-02-09 00:59:22,845: INFO: main: welcome to our custom logging]
[2025-02-09 20:55:41,880: INFO: common: yaml file: config\config.yaml file loaded successfully]
[2025-02-09 20:58:38,958: INFO: common: yaml file: config\config.yaml file loaded successfully]
[2025-02-09 20:59:39,924: INFO: common: yaml file: config\config.yaml file loaded successfully]
[2025-02-09 21:12:14,742: INFO: common: yaml file: config\config.yaml file loaded successfully]
[2025-02-09 21:15:36,854: INFO: common: yaml file: config\config.yaml file loaded successfully]
[2025-02-10 10:06:02,523: INFO: common: yaml file: config\config.yaml file loaded successfully]
[2025-02-10 10:06:45,858: INFO: common: yaml file: config\config.yaml file loaded successfully]
[2025-02-10 10:09:11,183: INFO: common: yaml file: config\config.yaml file loaded successfully]
[2025-02-10 10:09:11,185: INFO: common: yaml file: params.yaml file loaded successfully]
[2025-02-10 10:10:37,238: INFO: common: yaml file: config\config.yaml file loaded successfully]
[2025-02-10 10:10:37,239: INFO: common: yaml file: params.yaml file loaded successfully]
[2025-02-10 10:22:54,987: INFO: common: yaml file: config\config.yaml file loaded successfully]
[2025-02-10 10:22:54,989: INFO: common: yaml file: params.yaml file loaded successfully]
[2025-02-10 10:26:46,709: INFO: common: yaml file: config\config.yaml file loaded successfully]
[2025-02-10 10:26:46,711: INFO: common: yaml file: params.yaml file loaded successfully]
[2025-02-10 10:27:04,348: INFO: common: yaml file: config\config.yaml file loaded successfully]
[2025-02-10 10:27:04,350: INFO: common: yaml file: params.yaml file loaded successfully]
[2025-02-10 10:27:04,351: ERROR: 1929590501: Error in data ingestion process: yaml file is empty]
[2025-02-10 10:29:43,013: INFO: common: yaml file: config\config.yaml file loaded successfully]
[2025-02-10 10:29:43,016: INFO: common: yaml file: params.yaml file loaded successfully]
[2025-02-10 10:29:43,025: INFO: common: yaml file: schema.yaml file loaded successfully]
[2025-02-10 10:30:22,048: INFO: common: yaml file: config\config.yaml file loaded successfully]
[2025-02-10 10:30:22,050: INFO: common: yaml file: params.yaml file loaded successfully]
[2025-02-10 10:30:22,052: INFO: common: yaml file: schema.yaml file loaded successfully]
[2025-02-10 10:35:58,885: INFO: common: yaml file: config\config.yaml file loaded successfully]
[2025-02-10 10:35:58,887: INFO: common: yaml file: params.yaml file loaded successfully]
[2025-02-10 10:35:58,888: INFO: common: yaml file: schema.yaml file loaded successfully]
[2025-02-10 10:35:58,891: INFO: common: created directory at artifacts/data_ingestion]
[2025-02-10 10:37:48,399: INFO: common: yaml file: config\config.yaml file loaded successfully]
[2025-02-10 10:37:48,402: INFO: common: yaml file: params.yaml file loaded successfully]
[2025-02-10 10:37:48,403: INFO: common: yaml file: schema.yaml file loaded successfully]
[2025-02-10 10:37:48,405: INFO: common: created directory at artifacts/data_ingestion]
[2025-02-10 10:38:00,853: INFO: common: yaml file: config\config.yaml file loaded successfully]
[2025-02-10 10:38:00,855: INFO: common: yaml file: params.yaml file loaded successfully]
[2025-02-10 10:38:00,857: INFO: common: yaml file: schema.yaml file loaded successfully]
[2025-02-10 10:38:00,858: INFO: common: created directory at artifacts/data_ingestion]
[2025-02-10 10:38:02,356: INFO: 2658734969: artifacts/data_ingestion/data.zip download! with following info: 
Connection: close
Content-Length: 23329
Cache-Control: max-age=300
Content-Security-Policy: default-src 'none'; style-src 'unsafe-inline'; sandbox
Content-Type: application/zip
ETag: "c69888a4ae59bc5a893392785a938ccd4937981c06ba8a9d6a21aa52b4ab5b6e"
Strict-Transport-Security: max-age=31536000
X-Content-Type-Options: nosniff
X-Frame-Options: deny
X-XSS-Protection: 1; mode=block
X-GitHub-Request-Id: 1EDB:25CC20:43E4D3:650478:67A989B4
Accept-Ranges: bytes
Date: Mon, 10 Feb 2025 05:08:04 GMT
Via: 1.1 varnish
X-Served-By: cache-maa10244-MAA
X-Cache: MISS
X-Cache-Hits: 0
X-Timer: S1739164084.347018,VS0,VE277
Vary: Authorization,Accept-Encoding,Origin
Access-Control-Allow-Origin: *
Cross-Origin-Resource-Policy: cross-origin
X-Fastly-Request-ID: d00023ef7fc9c141b10f621e85f85d1f86603785
Expires: Mon, 10 Feb 2025 05:13:04 GMT
Source-Age: 0

]
[2025-02-10 11:49:22,177: INFO: main: DATA_INGESTION_STAGE is Started]
[2025-02-10 11:51:06,901: INFO: main: DATA_INGESTION_STAGE is Started]
[2025-02-10 11:51:06,903: INFO: common: yaml file: config\config.yaml file loaded successfully]
[2025-02-10 11:51:06,939: INFO: common: yaml file: params.yaml file loaded successfully]
[2025-02-10 11:51:06,941: INFO: common: yaml file: schema.yaml file loaded successfully]
[2025-02-10 11:51:06,942: INFO: common: created directory at artifacts/data_ingestion]
[2025-02-10 11:51:06,943: INFO: data_ingestion: file already exists]
[2025-02-10 11:51:06,952: INFO: main: DATA_INGESTION_STAGE Completed]
[2025-02-10 15:25:46,464: INFO: common: yaml file: config\config.yaml file loaded successfully]
[2025-02-10 15:25:46,484: INFO: common: yaml file: params.yaml file loaded successfully]
[2025-02-10 15:25:46,484: INFO: common: yaml file: schema.yaml file loaded successfully]
[2025-02-10 15:25:46,484: INFO: common: created directory at artifacts]
[2025-02-10 15:27:38,935: INFO: common: yaml file: config\config.yaml file loaded successfully]
[2025-02-10 15:27:38,935: INFO: common: yaml file: params.yaml file loaded successfully]
[2025-02-10 15:27:38,944: INFO: common: yaml file: schema.yaml file loaded successfully]
[2025-02-10 15:27:38,951: INFO: common: created directory at artifacts]
[2025-02-10 15:34:43,752: INFO: common: yaml file: config\config.yaml file loaded successfully]
[2025-02-10 15:34:43,756: INFO: common: yaml file: params.yaml file loaded successfully]
[2025-02-10 15:34:43,761: INFO: common: yaml file: schema.yaml file loaded successfully]
[2025-02-10 15:34:43,764: INFO: common: created directory at artifacts]
[2025-02-10 15:37:06,400: INFO: common: yaml file: config\config.yaml file loaded successfully]
[2025-02-10 15:37:06,408: INFO: common: yaml file: params.yaml file loaded successfully]
[2025-02-10 15:37:06,408: INFO: common: yaml file: schema.yaml file loaded successfully]
[2025-02-10 15:37:06,416: INFO: common: created directory at artifacts]
[2025-02-10 15:37:45,523: INFO: common: yaml file: config\config.yaml file loaded successfully]
[2025-02-10 15:37:45,527: INFO: common: yaml file: params.yaml file loaded successfully]
[2025-02-10 15:37:45,532: INFO: common: yaml file: schema.yaml file loaded successfully]
[2025-02-10 15:37:45,533: INFO: common: created directory at artifacts]
[2025-02-10 15:39:12,547: INFO: common: yaml file: config\config.yaml file loaded successfully]
[2025-02-10 15:39:12,552: INFO: common: yaml file: params.yaml file loaded successfully]
[2025-02-10 15:39:12,556: INFO: common: yaml file: schema.yaml file loaded successfully]
[2025-02-10 15:39:12,558: INFO: common: created directory at artifacts]
[2025-02-10 15:39:12,560: INFO: common: created directory at artifacts/data_validation/status.txt]
[2025-02-10 15:43:33,388: INFO: common: yaml file: config\config.yaml file loaded successfully]
[2025-02-10 15:43:33,391: INFO: common: yaml file: params.yaml file loaded successfully]
[2025-02-10 15:43:33,396: INFO: common: yaml file: schema.yaml file loaded successfully]
[2025-02-10 15:43:53,483: INFO: common: yaml file: config\config.yaml file loaded successfully]
[2025-02-10 15:43:53,487: INFO: common: yaml file: params.yaml file loaded successfully]
[2025-02-10 15:43:53,491: INFO: common: yaml file: schema.yaml file loaded successfully]
[2025-02-10 15:43:53,494: INFO: common: created directory at artifacts/data_validation]
[2025-02-10 15:51:22,327: INFO: common: yaml file: config\config.yaml file loaded successfully]
[2025-02-10 15:51:22,331: INFO: common: yaml file: params.yaml file loaded successfully]
[2025-02-10 15:51:22,335: INFO: common: yaml file: schema.yaml file loaded successfully]
[2025-02-10 15:51:22,338: INFO: common: created directory at artifacts]
[2025-02-10 15:51:22,338: INFO: common: created directory at artifacts/data_validation]
[2025-02-10 15:59:39,896: INFO: common: yaml file: config\config.yaml file loaded successfully]
[2025-02-10 15:59:39,900: INFO: common: yaml file: params.yaml file loaded successfully]
[2025-02-10 15:59:39,904: INFO: common: yaml file: schema.yaml file loaded successfully]
[2025-02-10 15:59:39,907: INFO: common: created directory at artifacts]
[2025-02-10 15:59:39,907: INFO: common: created directory at artifacts/data_validation]
[2025-02-10 16:01:17,938: INFO: common: yaml file: config\config.yaml file loaded successfully]
[2025-02-10 16:01:17,946: INFO: common: yaml file: params.yaml file loaded successfully]
[2025-02-10 16:01:17,954: INFO: common: yaml file: schema.yaml file loaded successfully]
[2025-02-10 16:01:17,954: INFO: common: created directory at artifacts]
[2025-02-10 16:01:17,954: INFO: common: created directory at artifacts/data_validation]
[2025-02-10 16:02:47,048: INFO: common: yaml file: config\config.yaml file loaded successfully]
[2025-02-10 16:02:47,052: INFO: common: yaml file: params.yaml file loaded successfully]
[2025-02-10 16:02:47,056: INFO: common: yaml file: schema.yaml file loaded successfully]
[2025-02-10 16:02:47,060: INFO: common: created directory at artifacts]
[2025-02-10 16:02:47,060: INFO: common: created directory at artifacts/data_validation]
[2025-02-10 17:02:13,335: INFO: main: DATA_INGESTION_STAGE is Started]
[2025-02-10 17:02:13,341: INFO: common: yaml file: config\config.yaml file loaded successfully]
[2025-02-10 17:02:13,341: INFO: common: yaml file: params.yaml file loaded successfully]
[2025-02-10 17:02:13,341: INFO: common: yaml file: schema.yaml file loaded successfully]
[2025-02-10 17:02:13,341: INFO: common: created directory at artifacts]
[2025-02-10 17:02:13,341: INFO: common: created directory at artifacts/data_ingestion]
[2025-02-10 17:02:13,341: INFO: data_ingestion: file already exists]
[2025-02-10 17:02:13,351: INFO: main: DATA_INGESTION_STAGE Completed]
[2025-02-10 17:02:13,351: INFO: main: Validation Stage Started]
[2025-02-10 17:02:13,361: INFO: common: yaml file: config\config.yaml file loaded successfully]
[2025-02-10 17:02:13,361: INFO: common: yaml file: params.yaml file loaded successfully]
[2025-02-10 17:02:13,361: INFO: common: yaml file: schema.yaml file loaded successfully]
[2025-02-10 17:02:13,361: INFO: common: created directory at artifacts]
[2025-02-10 17:02:13,361: INFO: common: created directory at artifacts/data_validation]
[2025-02-10 17:02:13,420: INFO: main: Validation Stage is completed]
[2025-02-10 19:53:43,357: INFO: common: yaml file: config\config.yaml file loaded successfully]
[2025-02-10 19:53:43,390: INFO: common: yaml file: params.yaml file loaded successfully]
[2025-02-10 19:53:43,414: INFO: common: yaml file: schema.yaml file loaded successfully]
[2025-02-10 19:53:43,421: INFO: common: created directory at artifacts]
[2025-02-10 19:53:43,421: INFO: common: created directory at artifacts/data_validation]
[2025-02-10 19:55:42,798: INFO: common: yaml file: config\config.yaml file loaded successfully]
[2025-02-10 19:55:42,802: INFO: common: yaml file: params.yaml file loaded successfully]
[2025-02-10 19:55:42,806: INFO: common: yaml file: schema.yaml file loaded successfully]
[2025-02-10 19:55:42,808: INFO: common: created directory at artifacts]
[2025-02-10 19:55:42,808: INFO: common: created directory at artifacts/data_validation]
[2025-02-10 19:57:00,407: INFO: common: yaml file: config\config.yaml file loaded successfully]
[2025-02-10 19:57:00,410: INFO: common: yaml file: params.yaml file loaded successfully]
[2025-02-10 19:57:00,415: INFO: common: yaml file: schema.yaml file loaded successfully]
[2025-02-10 19:57:00,417: INFO: common: created directory at artifacts]
[2025-02-10 19:57:00,418: INFO: common: created directory at artifacts/data_validation]
[2025-02-10 19:57:25,760: INFO: common: yaml file: config\config.yaml file loaded successfully]
[2025-02-10 19:57:25,766: INFO: common: yaml file: params.yaml file loaded successfully]
[2025-02-10 19:57:25,773: INFO: common: yaml file: schema.yaml file loaded successfully]
[2025-02-10 19:57:25,773: INFO: common: created directory at artifacts]
[2025-02-10 19:57:25,776: INFO: common: created directory at artifacts/data_validation]
[2025-02-10 19:58:07,413: INFO: common: yaml file: config\config.yaml file loaded successfully]
[2025-02-10 19:58:07,413: INFO: common: yaml file: params.yaml file loaded successfully]
[2025-02-10 19:58:07,421: INFO: common: yaml file: schema.yaml file loaded successfully]
[2025-02-10 19:58:07,429: INFO: common: created directory at artifacts]
[2025-02-10 19:58:07,429: INFO: common: created directory at artifacts/data_validation]
[2025-02-10 19:58:23,350: INFO: common: yaml file: config\config.yaml file loaded successfully]
[2025-02-10 19:58:23,353: INFO: common: yaml file: params.yaml file loaded successfully]
[2025-02-10 19:58:23,358: INFO: common: yaml file: schema.yaml file loaded successfully]
[2025-02-10 19:58:23,360: INFO: common: created directory at artifacts]
[2025-02-10 19:58:23,360: INFO: common: created directory at artifacts/data_validation]
[2025-02-10 19:59:13,556: INFO: common: yaml file: config\config.yaml file loaded successfully]
[2025-02-10 19:59:13,560: INFO: common: yaml file: params.yaml file loaded successfully]
[2025-02-10 19:59:13,565: INFO: common: yaml file: schema.yaml file loaded successfully]
[2025-02-10 19:59:13,566: INFO: common: created directory at artifacts]
[2025-02-10 19:59:13,566: INFO: common: created directory at artifacts/data_validation]
[2025-02-10 20:01:03,108: INFO: common: yaml file: config\config.yaml file loaded successfully]
[2025-02-10 20:01:03,108: INFO: common: yaml file: params.yaml file loaded successfully]
[2025-02-10 20:01:03,116: INFO: common: yaml file: schema.yaml file loaded successfully]
[2025-02-10 20:01:03,124: INFO: common: created directory at artifacts]
[2025-02-10 20:01:03,132: INFO: common: created directory at artifacts/data_transformation]
[2025-02-10 20:10:47,701: INFO: common: yaml file: config\config.yaml file loaded successfully]
[2025-02-10 20:10:47,706: INFO: common: yaml file: params.yaml file loaded successfully]
[2025-02-10 20:10:47,708: INFO: common: yaml file: schema.yaml file loaded successfully]
[2025-02-10 20:10:47,708: INFO: common: created directory at artifacts]
[2025-02-10 20:10:47,716: INFO: common: created directory at artifacts/data_transformation]
[2025-02-10 20:11:21,794: INFO: common: yaml file: config\config.yaml file loaded successfully]
[2025-02-10 20:11:21,798: INFO: common: yaml file: params.yaml file loaded successfully]
[2025-02-10 20:11:21,803: INFO: common: yaml file: schema.yaml file loaded successfully]
[2025-02-10 20:11:21,805: INFO: common: created directory at artifacts]
[2025-02-10 20:11:21,805: INFO: common: created directory at artifacts/data_transformation]
[2025-02-10 20:13:29,545: INFO: common: yaml file: config\config.yaml file loaded successfully]
[2025-02-10 20:13:29,549: INFO: common: yaml file: params.yaml file loaded successfully]
[2025-02-10 20:13:29,553: INFO: common: yaml file: schema.yaml file loaded successfully]
[2025-02-10 20:13:29,555: INFO: common: created directory at artifacts]
[2025-02-10 20:13:29,557: INFO: common: created directory at artifacts/data_transformation]
[2025-02-10 20:17:14,433: INFO: common: yaml file: config\config.yaml file loaded successfully]
[2025-02-10 20:17:14,441: INFO: common: yaml file: params.yaml file loaded successfully]
[2025-02-10 20:17:14,446: INFO: common: yaml file: schema.yaml file loaded successfully]
[2025-02-10 20:17:14,450: INFO: common: created directory at artifacts]
[2025-02-10 20:17:14,450: INFO: common: created directory at artifacts/data_transformation]
[2025-02-10 20:17:14,551: INFO: 551798282: Spliitted data into train and test set]
[2025-02-10 20:17:14,551: INFO: 551798282: (1199, 12)]
[2025-02-10 20:17:14,556: INFO: 551798282: (400, 12)]
[2025-02-10 20:58:22,291: INFO: main: DATA_INGESTION_STAGE is Started]
[2025-02-10 20:58:22,291: INFO: common: yaml file: config\config.yaml file loaded successfully]
[2025-02-10 20:58:22,291: INFO: common: yaml file: params.yaml file loaded successfully]
[2025-02-10 20:58:22,300: INFO: common: yaml file: schema.yaml file loaded successfully]
[2025-02-10 20:58:22,302: INFO: common: created directory at artifacts]
[2025-02-10 20:58:22,302: INFO: common: created directory at artifacts/data_ingestion]
[2025-02-10 20:58:22,327: INFO: data_ingestion: file already exists]
[2025-02-10 20:58:22,366: INFO: main: DATA_INGESTION_STAGE Completed]
[2025-02-10 20:58:22,374: INFO: main: Validation Stage Started]
[2025-02-10 20:58:22,374: INFO: common: yaml file: config\config.yaml file loaded successfully]
[2025-02-10 20:58:22,379: INFO: common: yaml file: params.yaml file loaded successfully]
[2025-02-10 20:58:22,382: INFO: common: yaml file: schema.yaml file loaded successfully]
[2025-02-10 20:58:22,382: INFO: common: created directory at artifacts]
[2025-02-10 20:58:22,382: INFO: common: created directory at artifacts/data_validation]
[2025-02-10 20:58:22,434: INFO: main: Validation Stage is completed]
[2025-02-10 20:58:22,434: INFO: main: Data TransformationStarted]
[2025-02-10 21:00:09,824: INFO: main: DATA_INGESTION_STAGE is Started]
[2025-02-10 21:00:09,824: INFO: common: yaml file: config\config.yaml file loaded successfully]
[2025-02-10 21:00:09,824: INFO: common: yaml file: params.yaml file loaded successfully]
[2025-02-10 21:00:09,839: INFO: common: yaml file: schema.yaml file loaded successfully]
[2025-02-10 21:00:09,839: INFO: common: created directory at artifacts]
[2025-02-10 21:00:09,839: INFO: common: created directory at artifacts/data_ingestion]
[2025-02-10 21:00:09,844: INFO: data_ingestion: file already exists]
[2025-02-10 21:00:09,845: INFO: main: DATA_INGESTION_STAGE Completed]
[2025-02-10 21:00:09,848: INFO: main: Validation Stage Started]
[2025-02-10 21:00:09,851: INFO: common: yaml file: config\config.yaml file loaded successfully]
[2025-02-10 21:00:09,851: INFO: common: yaml file: params.yaml file loaded successfully]
[2025-02-10 21:00:09,851: INFO: common: yaml file: schema.yaml file loaded successfully]
[2025-02-10 21:00:09,851: INFO: common: created directory at artifacts]
[2025-02-10 21:00:09,851: INFO: common: created directory at artifacts/data_validation]
[2025-02-10 21:00:09,890: INFO: main: Validation Stage is completed]
[2025-02-10 21:00:09,898: INFO: main: Data TransformationStarted]
[2025-02-10 21:01:07,111: INFO: main: DATA_INGESTION_STAGE is Started]
[2025-02-10 21:01:07,111: INFO: common: yaml file: config\config.yaml file loaded successfully]
[2025-02-10 21:01:07,111: INFO: common: yaml file: params.yaml file loaded successfully]
[2025-02-10 21:01:07,119: INFO: common: yaml file: schema.yaml file loaded successfully]
[2025-02-10 21:01:07,121: INFO: common: created directory at artifacts]
[2025-02-10 21:01:07,121: INFO: common: created directory at artifacts/data_ingestion]
[2025-02-10 21:01:07,121: INFO: data_ingestion: file already exists]
[2025-02-10 21:01:07,121: INFO: main: DATA_INGESTION_STAGE Completed]
[2025-02-10 21:01:07,121: INFO: main: Validation Stage Started]
[2025-02-10 21:01:07,129: INFO: common: yaml file: config\config.yaml file loaded successfully]
[2025-02-10 21:01:07,129: INFO: common: yaml file: params.yaml file loaded successfully]
[2025-02-10 21:01:07,129: INFO: common: yaml file: schema.yaml file loaded successfully]
[2025-02-10 21:01:07,136: INFO: common: created directory at artifacts]
[2025-02-10 21:01:07,137: INFO: common: created directory at artifacts/data_validation]
[2025-02-10 21:01:07,173: INFO: main: Validation Stage is completed]
[2025-02-10 21:01:07,173: INFO: main: Data TransformationStarted]
[2025-02-10 21:01:07,182: INFO: common: yaml file: config\config.yaml file loaded successfully]
[2025-02-10 21:01:07,182: INFO: common: yaml file: params.yaml file loaded successfully]
[2025-02-10 21:01:07,182: INFO: common: yaml file: schema.yaml file loaded successfully]
[2025-02-10 21:01:07,182: INFO: common: created directory at artifacts]
[2025-02-10 21:01:07,182: INFO: common: created directory at artifacts/data_transformation]
[2025-02-10 21:01:07,224: INFO: data_transformation: Spliitted data into train and test set]
[2025-02-10 21:01:07,224: INFO: data_transformation: (1199, 12)]
[2025-02-10 21:01:07,224: INFO: data_transformation: (400, 12)]
[2025-02-10 21:01:07,224: INFO: main: Data Transformation is completed]
[2025-02-10 23:42:04,206: INFO: common: yaml file: config\config.yaml file loaded successfully]
[2025-02-10 23:42:04,240: INFO: common: yaml file: params.yaml file loaded successfully]
[2025-02-10 23:42:04,247: INFO: common: yaml file: schema.yaml file loaded successfully]
[2025-02-10 23:42:45,599: INFO: common: yaml file: config\config.yaml file loaded successfully]
[2025-02-10 23:42:45,603: INFO: common: yaml file: params.yaml file loaded successfully]
[2025-02-10 23:42:45,607: INFO: common: yaml file: schema.yaml file loaded successfully]
[2025-02-10 23:55:20,039: INFO: common: yaml file: config\config.yaml file loaded successfully]
[2025-02-10 23:55:20,042: INFO: common: yaml file: params.yaml file loaded successfully]
[2025-02-10 23:55:20,046: INFO: common: yaml file: schema.yaml file loaded successfully]
[2025-02-10 23:59:59,052: INFO: common: yaml file: config\config.yaml file loaded successfully]
[2025-02-10 23:59:59,057: INFO: common: yaml file: params.yaml file loaded successfully]
[2025-02-10 23:59:59,062: INFO: common: yaml file: schema.yaml file loaded successfully]
[2025-02-11 09:14:39,567: INFO: common: yaml file: config\config.yaml file loaded successfully]
[2025-02-11 09:14:39,567: INFO: common: yaml file: params.yaml file loaded successfully]
[2025-02-11 09:14:39,567: INFO: common: yaml file: schema.yaml file loaded successfully]
[2025-02-11 09:16:57,997: INFO: common: yaml file: config\config.yaml file loaded successfully]
[2025-02-11 09:16:58,004: INFO: common: yaml file: params.yaml file loaded successfully]
[2025-02-11 09:16:58,004: INFO: common: yaml file: schema.yaml file loaded successfully]
[2025-02-11 09:17:18,765: INFO: common: yaml file: config\config.yaml file loaded successfully]
[2025-02-11 09:17:18,768: INFO: common: yaml file: params.yaml file loaded successfully]
[2025-02-11 09:17:18,773: INFO: common: yaml file: schema.yaml file loaded successfully]
[2025-02-11 09:22:20,292: INFO: common: yaml file: config\config.yaml file loaded successfully]
[2025-02-11 09:22:20,295: INFO: common: yaml file: params.yaml file loaded successfully]
[2025-02-11 09:22:20,298: INFO: common: yaml file: schema.yaml file loaded successfully]
[2025-02-11 09:22:20,339: INFO: common: created directory at artifacts/model_training]
[2025-02-11 09:22:52,118: INFO: common: yaml file: config\config.yaml file loaded successfully]
[2025-02-11 09:22:52,120: INFO: common: yaml file: params.yaml file loaded successfully]
[2025-02-11 09:22:52,122: INFO: common: yaml file: schema.yaml file loaded successfully]
[2025-02-11 09:22:52,123: INFO: common: created directory at artifacts/model_training]
[2025-02-11 09:23:17,607: INFO: common: yaml file: config\config.yaml file loaded successfully]
[2025-02-11 09:23:17,609: INFO: common: yaml file: params.yaml file loaded successfully]
[2025-02-11 09:23:17,612: INFO: common: yaml file: schema.yaml file loaded successfully]
[2025-02-11 09:23:17,614: INFO: common: created directory at artifacts/model_training]
[2025-02-11 09:24:20,760: INFO: common: yaml file: config\config.yaml file loaded successfully]
[2025-02-11 09:24:20,762: INFO: common: yaml file: params.yaml file loaded successfully]
[2025-02-11 09:24:20,765: INFO: common: yaml file: schema.yaml file loaded successfully]
[2025-02-11 09:24:20,765: INFO: common: created directory at artifacts/model_training]
[2025-02-11 09:27:29,290: INFO: common: yaml file: config\config.yaml file loaded successfully]
[2025-02-11 09:27:29,292: INFO: common: yaml file: params.yaml file loaded successfully]
[2025-02-11 09:27:29,303: INFO: common: yaml file: schema.yaml file loaded successfully]
[2025-02-11 09:27:29,303: INFO: common: created directory at artifacts/model_training]
[2025-02-11 09:36:33,653: INFO: common: yaml file: config\config.yaml file loaded successfully]
[2025-02-11 09:36:33,656: INFO: common: yaml file: params.yaml file loaded successfully]
[2025-02-11 09:36:33,659: INFO: common: yaml file: schema.yaml file loaded successfully]
[2025-02-11 09:36:33,661: INFO: common: created directory at artifacts/model_training]
[2025-02-11 09:38:31,941: INFO: common: yaml file: config\config.yaml file loaded successfully]
[2025-02-11 09:38:31,943: INFO: common: yaml file: params.yaml file loaded successfully]
[2025-02-11 09:38:31,947: INFO: common: yaml file: schema.yaml file loaded successfully]
[2025-02-11 09:38:31,948: INFO: common: created directory at artifacts/model_training]
[2025-02-11 09:39:03,408: INFO: common: yaml file: config\config.yaml file loaded successfully]
[2025-02-11 09:39:03,411: INFO: common: yaml file: params.yaml file loaded successfully]
[2025-02-11 09:39:03,413: INFO: common: yaml file: schema.yaml file loaded successfully]
[2025-02-11 09:39:03,415: INFO: common: created directory at artifacts/model_training]
[2025-02-11 09:41:10,051: INFO: common: yaml file: config\config.yaml file loaded successfully]
[2025-02-11 09:41:10,053: INFO: common: yaml file: params.yaml file loaded successfully]
[2025-02-11 09:41:10,055: INFO: common: yaml file: schema.yaml file loaded successfully]
[2025-02-11 09:41:10,057: INFO: common: created directory at artifacts/model_training]
[2025-02-11 11:14:31,229: INFO: main: DATA_INGESTION_STAGE is Started]
[2025-02-11 11:14:31,229: INFO: common: yaml file: config\config.yaml file loaded successfully]
[2025-02-11 11:14:31,241: INFO: common: yaml file: params.yaml file loaded successfully]
[2025-02-11 11:14:31,241: INFO: common: yaml file: schema.yaml file loaded successfully]
[2025-02-11 11:14:31,241: INFO: common: created directory at artifacts]
[2025-02-11 11:14:31,241: INFO: common: created directory at artifacts/data_ingestion]
[2025-02-11 11:14:31,241: INFO: data_ingestion: file already exists]
[2025-02-11 11:14:31,259: INFO: main: DATA_INGESTION_STAGE Completed]
[2025-02-11 11:14:31,259: INFO: main: Validation Stage Started]
[2025-02-11 11:14:31,259: INFO: common: yaml file: config\config.yaml file loaded successfully]
[2025-02-11 11:14:31,267: INFO: common: yaml file: params.yaml file loaded successfully]
[2025-02-11 11:14:31,267: INFO: common: yaml file: schema.yaml file loaded successfully]
[2025-02-11 11:14:31,267: INFO: common: created directory at artifacts]
[2025-02-11 11:14:31,267: INFO: common: created directory at artifacts/data_validation]
[2025-02-11 11:14:31,321: INFO: main: Validation Stage is completed]
[2025-02-11 11:14:31,321: INFO: main: Data TransformationStarted]
[2025-02-11 11:14:31,329: INFO: common: yaml file: config\config.yaml file loaded successfully]
[2025-02-11 11:14:31,341: INFO: common: yaml file: params.yaml file loaded successfully]
[2025-02-11 11:14:31,341: INFO: common: yaml file: schema.yaml file loaded successfully]
[2025-02-11 11:14:31,341: INFO: common: created directory at artifacts]
[2025-02-11 11:14:31,341: INFO: common: created directory at artifacts/data_transformation]
[2025-02-11 11:14:31,381: INFO: data_transformation: Spliitted data into train and test set]
[2025-02-11 11:14:31,381: INFO: data_transformation: (1199, 12)]
[2025-02-11 11:14:31,391: INFO: data_transformation: (400, 12)]
[2025-02-11 11:14:31,391: INFO: main: Data Transformation is completed]
[2025-02-11 11:14:31,391: INFO: main: Model Trainer is Started]
[2025-02-11 11:18:27,006: INFO: main: DATA_INGESTION_STAGE is Started]
[2025-02-11 11:18:27,014: INFO: common: yaml file: config\config.yaml file loaded successfully]
[2025-02-11 11:18:27,014: INFO: common: yaml file: params.yaml file loaded successfully]
[2025-02-11 11:18:27,022: INFO: common: yaml file: schema.yaml file loaded successfully]
[2025-02-11 11:18:27,022: INFO: common: created directory at artifacts]
[2025-02-11 11:18:27,022: INFO: common: created directory at artifacts/data_ingestion]
[2025-02-11 11:18:27,022: INFO: data_ingestion: file already exists]
[2025-02-11 11:18:27,030: INFO: main: DATA_INGESTION_STAGE Completed]
[2025-02-11 11:18:27,030: INFO: main: Validation Stage Started]
[2025-02-11 11:18:27,038: INFO: common: yaml file: config\config.yaml file loaded successfully]
[2025-02-11 11:18:27,038: INFO: common: yaml file: params.yaml file loaded successfully]
[2025-02-11 11:18:27,038: INFO: common: yaml file: schema.yaml file loaded successfully]
[2025-02-11 11:18:27,046: INFO: common: created directory at artifacts]
[2025-02-11 11:18:27,046: INFO: common: created directory at artifacts/data_validation]
[2025-02-11 11:18:27,086: INFO: main: Validation Stage is completed]
[2025-02-11 11:18:27,086: INFO: main: Data TransformationStarted]
[2025-02-11 11:18:27,094: INFO: common: yaml file: config\config.yaml file loaded successfully]
[2025-02-11 11:18:27,094: INFO: common: yaml file: params.yaml file loaded successfully]
[2025-02-11 11:18:27,094: INFO: common: yaml file: schema.yaml file loaded successfully]
[2025-02-11 11:18:27,094: INFO: common: created directory at artifacts]
[2025-02-11 11:18:27,094: INFO: common: created directory at artifacts/data_transformation]
[2025-02-11 11:18:27,134: INFO: data_transformation: Spliitted data into train and test set]
[2025-02-11 11:18:27,134: INFO: data_transformation: (1199, 12)]
[2025-02-11 11:18:27,136: INFO: data_transformation: (400, 12)]
[2025-02-11 11:18:27,137: INFO: main: Data Transformation is completed]
[2025-02-11 11:18:27,137: INFO: main: Model Trainer is Started]
[2025-02-11 11:18:27,142: INFO: common: yaml file: config\config.yaml file loaded successfully]
[2025-02-11 11:18:27,144: INFO: common: yaml file: params.yaml file loaded successfully]
[2025-02-11 11:18:27,147: INFO: common: yaml file: schema.yaml file loaded successfully]
[2025-02-11 11:18:27,148: INFO: common: created directory at artifacts]
[2025-02-11 11:18:27,148: INFO: common: created directory at artifacts/model_training]
[2025-02-11 11:18:27,188: INFO: main: Model Trainer is completed]
[2025-02-11 11:32:56,605: INFO: main: DATA_INGESTION_STAGE is Started]
[2025-02-11 11:32:56,605: INFO: common: yaml file: config\config.yaml file loaded successfully]
[2025-02-11 11:32:56,613: INFO: common: yaml file: params.yaml file loaded successfully]
[2025-02-11 11:32:56,613: INFO: common: yaml file: schema.yaml file loaded successfully]
[2025-02-11 11:32:56,613: INFO: common: created directory at artifacts]
[2025-02-11 11:32:56,621: INFO: common: created directory at artifacts/data_ingestion]
[2025-02-11 11:32:56,621: INFO: data_ingestion: file already exists]
[2025-02-11 11:32:56,629: INFO: main: DATA_INGESTION_STAGE Completed]
[2025-02-11 11:32:56,629: INFO: main: Validation Stage Started]
[2025-02-11 11:32:56,629: INFO: common: yaml file: config\config.yaml file loaded successfully]
[2025-02-11 11:32:56,637: INFO: common: yaml file: params.yaml file loaded successfully]
[2025-02-11 11:32:56,637: INFO: common: yaml file: schema.yaml file loaded successfully]
[2025-02-11 11:32:56,637: INFO: common: created directory at artifacts]
[2025-02-11 11:32:56,637: INFO: common: created directory at artifacts/data_validation]
[2025-02-11 11:32:56,693: INFO: main: Validation Stage is completed]
[2025-02-11 11:32:56,693: INFO: main: Data TransformationStarted]
[2025-02-11 11:32:56,701: INFO: common: yaml file: config\config.yaml file loaded successfully]
[2025-02-11 11:32:56,701: INFO: common: yaml file: params.yaml file loaded successfully]
[2025-02-11 11:32:56,701: INFO: common: yaml file: schema.yaml file loaded successfully]
[2025-02-11 11:32:56,701: INFO: common: created directory at artifacts]
[2025-02-11 11:32:56,709: INFO: common: created directory at artifacts/data_transformation]
[2025-02-11 11:32:56,749: INFO: data_transformation: Spliitted data into train and test set]
[2025-02-11 11:32:56,749: INFO: data_transformation: (1199, 12)]
[2025-02-11 11:32:56,749: INFO: data_transformation: (400, 12)]
[2025-02-11 11:32:56,749: INFO: main: Data Transformation is completed]
[2025-02-11 11:32:56,749: INFO: main: Model Trainer is Started]
[2025-02-11 11:32:56,757: INFO: common: yaml file: config\config.yaml file loaded successfully]
[2025-02-11 11:32:56,757: INFO: common: yaml file: params.yaml file loaded successfully]
[2025-02-11 11:32:56,757: INFO: common: yaml file: schema.yaml file loaded successfully]
[2025-02-11 11:32:56,765: INFO: common: created directory at artifacts]
[2025-02-11 11:32:56,765: INFO: common: created directory at artifacts/model_training]
[2025-02-11 11:32:56,821: INFO: main: Model Trainer is completed]
[2025-02-11 15:49:37,998: INFO: common: yaml file: config\config.yaml file loaded successfully]
[2025-02-11 15:49:38,006: INFO: common: yaml file: params.yaml file loaded successfully]
[2025-02-11 15:49:38,038: INFO: common: yaml file: schema.yaml file loaded successfully]
[2025-02-11 15:49:38,038: INFO: common: created directory at artifacts]
[2025-02-11 15:51:02,130: INFO: common: yaml file: config\config.yaml file loaded successfully]
[2025-02-11 15:51:02,135: INFO: common: yaml file: params.yaml file loaded successfully]
[2025-02-11 15:51:02,138: INFO: common: yaml file: schema.yaml file loaded successfully]
[2025-02-11 15:51:02,138: INFO: common: created directory at artifacts]
[2025-02-11 15:51:02,143: INFO: common: created directory at artifacts/model_evaluation]
[2025-02-11 15:51:51,976: INFO: common: yaml file: config\config.yaml file loaded successfully]
[2025-02-11 15:51:51,980: INFO: common: yaml file: params.yaml file loaded successfully]
[2025-02-11 15:51:51,984: INFO: common: yaml file: schema.yaml file loaded successfully]
[2025-02-11 15:51:51,984: INFO: common: created directory at artifacts]
[2025-02-11 15:51:51,984: INFO: common: created directory at artifacts/model_evaluation]
[2025-02-11 15:52:20,027: INFO: common: yaml file: config\config.yaml file loaded successfully]
[2025-02-11 15:52:20,030: INFO: common: yaml file: params.yaml file loaded successfully]
[2025-02-11 15:52:20,036: INFO: common: yaml file: schema.yaml file loaded successfully]
[2025-02-11 15:52:20,037: INFO: common: created directory at artifacts]
[2025-02-11 15:52:20,037: INFO: common: created directory at artifacts/model_evaluation]
[2025-02-11 15:52:58,880: INFO: common: yaml file: config\config.yaml file loaded successfully]
[2025-02-11 15:52:58,886: INFO: common: yaml file: params.yaml file loaded successfully]
[2025-02-11 15:52:58,889: INFO: common: yaml file: schema.yaml file loaded successfully]
[2025-02-11 15:52:58,889: INFO: common: created directory at artifacts]
[2025-02-11 15:52:58,889: INFO: common: created directory at artifacts/model_evaluation]
[2025-02-11 15:54:05,685: INFO: common: yaml file: config\config.yaml file loaded successfully]
[2025-02-11 15:54:05,689: INFO: common: yaml file: params.yaml file loaded successfully]
[2025-02-11 15:54:05,694: INFO: common: yaml file: schema.yaml file loaded successfully]
[2025-02-11 15:54:05,695: INFO: common: created directory at artifacts]
[2025-02-11 15:54:05,695: INFO: common: created directory at artifacts/model_evaluation]
[2025-02-11 15:55:48,112: INFO: common: yaml file: config\config.yaml file loaded successfully]
[2025-02-11 15:55:48,117: INFO: common: yaml file: params.yaml file loaded successfully]
[2025-02-11 15:55:48,121: INFO: common: yaml file: schema.yaml file loaded successfully]
[2025-02-11 15:55:48,121: INFO: common: created directory at artifacts]
[2025-02-11 15:55:48,121: INFO: common: created directory at artifacts/model_evaluation]
[2025-02-11 15:59:23,259: INFO: common: yaml file: config\config.yaml file loaded successfully]
[2025-02-11 15:59:23,262: INFO: common: yaml file: params.yaml file loaded successfully]
[2025-02-11 15:59:23,266: INFO: common: yaml file: schema.yaml file loaded successfully]
[2025-02-11 15:59:23,267: INFO: common: created directory at artifacts]
[2025-02-11 15:59:23,267: INFO: common: created directory at artifacts/model_evaluation]
[2025-02-11 16:00:22,910: INFO: common: yaml file: config\config.yaml file loaded successfully]
[2025-02-11 16:00:22,914: INFO: common: yaml file: params.yaml file loaded successfully]
[2025-02-11 16:00:22,919: INFO: common: yaml file: schema.yaml file loaded successfully]
[2025-02-11 16:00:22,920: INFO: common: created directory at artifacts]
[2025-02-11 16:00:22,920: INFO: common: created directory at artifacts/model_evaluation]
[2025-02-11 16:05:51,162: INFO: common: yaml file: config\config.yaml file loaded successfully]
[2025-02-11 16:05:51,162: INFO: common: yaml file: params.yaml file loaded successfully]
[2025-02-11 16:05:51,172: INFO: common: yaml file: schema.yaml file loaded successfully]
[2025-02-11 16:05:51,172: INFO: common: created directory at artifacts]
[2025-02-11 16:05:51,179: INFO: common: created directory at artifacts/model_evaluation]
[2025-02-11 16:06:48,824: INFO: common: yaml file: config\config.yaml file loaded successfully]
[2025-02-11 16:06:48,827: INFO: common: yaml file: params.yaml file loaded successfully]
[2025-02-11 16:06:48,833: INFO: common: yaml file: schema.yaml file loaded successfully]
[2025-02-11 16:06:48,833: INFO: common: created directory at artifacts]
[2025-02-11 16:06:48,833: INFO: common: created directory at artifacts/model_evaluation]
[2025-02-11 16:07:46,190: INFO: common: yaml file: config\config.yaml file loaded successfully]
[2025-02-11 16:07:46,194: INFO: common: yaml file: params.yaml file loaded successfully]
[2025-02-11 16:07:46,199: INFO: common: yaml file: schema.yaml file loaded successfully]
[2025-02-11 16:07:46,200: INFO: common: created directory at artifacts]
[2025-02-11 16:07:46,200: INFO: common: created directory at artifacts/model_evaluation]
[2025-02-11 16:09:21,568: INFO: common: yaml file: config\config.yaml file loaded successfully]
[2025-02-11 16:09:21,568: INFO: common: yaml file: params.yaml file loaded successfully]
[2025-02-11 16:09:21,577: INFO: common: yaml file: schema.yaml file loaded successfully]
[2025-02-11 16:09:21,577: INFO: common: created directory at artifacts]
[2025-02-11 16:09:21,577: INFO: common: created directory at artifacts/model_evaluation]
[2025-02-11 16:12:25,639: INFO: common: yaml file: config\config.yaml file loaded successfully]
[2025-02-11 16:12:25,643: INFO: common: yaml file: params.yaml file loaded successfully]
[2025-02-11 16:12:25,647: INFO: common: yaml file: schema.yaml file loaded successfully]
[2025-02-11 16:12:25,647: INFO: common: created directory at artifacts]
[2025-02-11 16:12:25,647: INFO: common: created directory at artifacts/model_evaluation]
[2025-02-11 16:13:09,708: INFO: common: yaml file: config\config.yaml file loaded successfully]
[2025-02-11 16:13:09,714: INFO: common: yaml file: params.yaml file loaded successfully]
[2025-02-11 16:13:09,721: INFO: common: yaml file: schema.yaml file loaded successfully]
[2025-02-11 16:13:09,721: INFO: common: created directory at artifacts]
[2025-02-11 16:13:09,721: INFO: common: created directory at artifacts/model_evaluation]
[2025-02-11 16:14:52,242: INFO: common: yaml file: config\config.yaml file loaded successfully]
[2025-02-11 16:14:52,242: INFO: common: yaml file: params.yaml file loaded successfully]
[2025-02-11 16:14:52,250: INFO: common: yaml file: schema.yaml file loaded successfully]
[2025-02-11 16:14:52,250: INFO: common: created directory at artifacts/model_training]
[2025-02-11 16:15:27,034: INFO: main: DATA_INGESTION_STAGE is Started]
[2025-02-11 16:15:27,042: INFO: common: yaml file: config\config.yaml file loaded successfully]
[2025-02-11 16:15:27,042: INFO: common: yaml file: params.yaml file loaded successfully]
[2025-02-11 16:15:27,042: INFO: common: yaml file: schema.yaml file loaded successfully]
[2025-02-11 16:15:27,042: INFO: common: created directory at artifacts]
[2025-02-11 16:15:27,050: INFO: common: created directory at artifacts/data_ingestion]
[2025-02-11 16:15:27,050: INFO: data_ingestion: file already exists]
[2025-02-11 16:15:27,098: INFO: main: DATA_INGESTION_STAGE Completed]
[2025-02-11 16:15:27,098: INFO: main: Validation Stage Started]
[2025-02-11 16:15:27,114: INFO: common: yaml file: config\config.yaml file loaded successfully]
[2025-02-11 16:15:27,114: INFO: common: yaml file: params.yaml file loaded successfully]
[2025-02-11 16:15:27,121: INFO: common: yaml file: schema.yaml file loaded successfully]
[2025-02-11 16:15:27,121: INFO: common: created directory at artifacts]
[2025-02-11 16:15:27,121: INFO: common: created directory at artifacts/data_validation]
[2025-02-11 16:15:27,183: INFO: main: Validation Stage is completed]
[2025-02-11 16:15:27,183: INFO: main: Data TransformationStarted]
[2025-02-11 16:15:27,205: INFO: common: yaml file: config\config.yaml file loaded successfully]
[2025-02-11 16:15:27,210: INFO: common: yaml file: params.yaml file loaded successfully]
[2025-02-11 16:15:27,212: INFO: common: yaml file: schema.yaml file loaded successfully]
[2025-02-11 16:15:27,212: INFO: common: created directory at artifacts]
[2025-02-11 16:15:27,212: INFO: common: created directory at artifacts/data_transformation]
[2025-02-11 16:15:27,259: INFO: data_transformation: Spliitted data into train and test set]
[2025-02-11 16:15:27,259: INFO: data_transformation: (1199, 12)]
[2025-02-11 16:15:27,259: INFO: data_transformation: (400, 12)]
[2025-02-11 16:15:27,259: INFO: main: Data Transformation is completed]
[2025-02-11 16:15:27,259: INFO: main: Model Trainer is Started]
[2025-02-11 16:15:27,269: INFO: common: yaml file: config\config.yaml file loaded successfully]
[2025-02-11 16:15:27,269: INFO: common: yaml file: params.yaml file loaded successfully]
[2025-02-11 16:15:27,269: INFO: common: yaml file: schema.yaml file loaded successfully]
[2025-02-11 16:15:27,269: INFO: common: created directory at artifacts]
[2025-02-11 16:15:27,277: INFO: common: created directory at artifacts/model_training]
[2025-02-11 16:15:27,338: INFO: main: Model Trainer is completed]
[2025-02-11 16:15:36,140: INFO: common: yaml file: config\config.yaml file loaded successfully]
[2025-02-11 16:15:36,145: INFO: common: yaml file: params.yaml file loaded successfully]
[2025-02-11 16:15:36,149: INFO: common: yaml file: schema.yaml file loaded successfully]
[2025-02-11 16:15:36,149: INFO: common: created directory at artifacts]
[2025-02-11 16:15:36,149: INFO: common: created directory at artifacts/model_evaluation]
[2025-02-11 16:16:00,567: INFO: common: yaml file: config\config.yaml file loaded successfully]
[2025-02-11 16:16:00,575: INFO: common: yaml file: params.yaml file loaded successfully]
[2025-02-11 16:16:00,583: INFO: common: yaml file: schema.yaml file loaded successfully]
[2025-02-11 16:16:00,583: INFO: common: created directory at artifacts]
[2025-02-11 16:16:00,583: INFO: common: created directory at artifacts/model_evaluation]
[2025-02-11 16:17:27,948: INFO: main: DATA_INGESTION_STAGE is Started]
[2025-02-11 16:17:27,965: INFO: common: yaml file: config\config.yaml file loaded successfully]
[2025-02-11 16:17:27,965: INFO: common: yaml file: params.yaml file loaded successfully]
[2025-02-11 16:17:27,965: INFO: common: yaml file: schema.yaml file loaded successfully]
[2025-02-11 16:17:27,965: INFO: common: created directory at artifacts]
[2025-02-11 16:17:27,965: INFO: common: created directory at artifacts/data_ingestion]
[2025-02-11 16:17:27,965: INFO: data_ingestion: file already exists]
[2025-02-11 16:17:27,982: INFO: main: DATA_INGESTION_STAGE Completed]
[2025-02-11 16:17:27,983: INFO: main: Validation Stage Started]
[2025-02-11 16:17:27,985: INFO: common: yaml file: config\config.yaml file loaded successfully]
[2025-02-11 16:17:27,993: INFO: common: yaml file: params.yaml file loaded successfully]
[2025-02-11 16:17:27,993: INFO: common: yaml file: schema.yaml file loaded successfully]
[2025-02-11 16:17:27,993: INFO: common: created directory at artifacts]
[2025-02-11 16:17:27,993: INFO: common: created directory at artifacts/data_validation]
[2025-02-11 16:17:28,039: INFO: main: Validation Stage is completed]
[2025-02-11 16:17:28,039: INFO: main: Data TransformationStarted]
[2025-02-11 16:17:28,047: INFO: common: yaml file: config\config.yaml file loaded successfully]
[2025-02-11 16:17:28,055: INFO: common: yaml file: params.yaml file loaded successfully]
[2025-02-11 16:17:28,055: INFO: common: yaml file: schema.yaml file loaded successfully]
[2025-02-11 16:17:28,055: INFO: common: created directory at artifacts]
[2025-02-11 16:17:28,055: INFO: common: created directory at artifacts/data_transformation]
[2025-02-11 16:17:28,092: INFO: data_transformation: Spliitted data into train and test set]
[2025-02-11 16:17:28,092: INFO: data_transformation: (1199, 12)]
[2025-02-11 16:17:28,092: INFO: data_transformation: (400, 12)]
[2025-02-11 16:17:28,092: INFO: main: Data Transformation is completed]
[2025-02-11 16:17:28,092: INFO: main: Model Trainer is Started]
[2025-02-11 16:17:28,100: INFO: common: yaml file: config\config.yaml file loaded successfully]
[2025-02-11 16:17:28,100: INFO: common: yaml file: params.yaml file loaded successfully]
[2025-02-11 16:17:28,100: INFO: common: yaml file: schema.yaml file loaded successfully]
[2025-02-11 16:17:28,108: INFO: common: created directory at artifacts]
[2025-02-11 16:17:28,108: INFO: common: created directory at artifacts/model_training]
[2025-02-11 16:17:28,206: INFO: main: Model Trainer is completed]
[2025-02-11 16:17:40,937: INFO: common: yaml file: config\config.yaml file loaded successfully]
[2025-02-11 16:17:40,946: INFO: common: yaml file: params.yaml file loaded successfully]
[2025-02-11 16:17:40,946: INFO: common: yaml file: schema.yaml file loaded successfully]
[2025-02-11 16:17:40,954: INFO: common: created directory at artifacts]
[2025-02-11 16:17:40,954: INFO: common: created directory at artifacts/model_evaluation]
[2025-02-11 16:18:37,259: INFO: common: yaml file: config\config.yaml file loaded successfully]
[2025-02-11 16:18:37,263: INFO: common: yaml file: params.yaml file loaded successfully]
[2025-02-11 16:18:37,269: INFO: common: yaml file: schema.yaml file loaded successfully]
[2025-02-11 16:18:37,272: INFO: common: created directory at artifacts]
[2025-02-11 16:18:37,272: INFO: common: created directory at artifacts/model_evaluation]
[2025-02-11 16:20:42,257: INFO: common: yaml file: config\config.yaml file loaded successfully]
[2025-02-11 16:20:42,260: INFO: common: yaml file: params.yaml file loaded successfully]
[2025-02-11 16:20:42,265: INFO: common: yaml file: schema.yaml file loaded successfully]
[2025-02-11 16:20:42,266: INFO: common: created directory at artifacts]
[2025-02-11 16:20:42,266: INFO: common: created directory at artifacts/model_evaluation]
[2025-02-11 16:20:42,727: INFO: common: json file created at artifacts\model_evaluation\metrics.json]
[2025-02-11 20:39:20,578: INFO: main: DATA_INGESTION_STAGE is Started]
[2025-02-11 20:39:20,578: INFO: common: yaml file: config\config.yaml file loaded successfully]
[2025-02-11 20:39:20,604: INFO: common: yaml file: params.yaml file loaded successfully]
[2025-02-11 20:39:20,604: INFO: common: yaml file: schema.yaml file loaded successfully]
[2025-02-11 20:39:20,604: INFO: common: created directory at artifacts]
[2025-02-11 20:39:20,604: INFO: common: created directory at artifacts/data_ingestion]
[2025-02-11 20:39:20,604: INFO: data_ingestion: file already exists]
[2025-02-11 20:39:20,646: INFO: main: DATA_INGESTION_STAGE Completed]
[2025-02-11 20:39:20,646: INFO: main: Validation Stage Started]
[2025-02-11 20:39:20,654: INFO: common: yaml file: config\config.yaml file loaded successfully]
[2025-02-11 20:39:20,654: INFO: common: yaml file: params.yaml file loaded successfully]
[2025-02-11 20:39:20,654: INFO: common: yaml file: schema.yaml file loaded successfully]
[2025-02-11 20:39:20,654: INFO: common: created directory at artifacts]
[2025-02-11 20:39:20,662: INFO: common: created directory at artifacts/data_validation]
[2025-02-11 20:39:20,715: INFO: main: Validation Stage is completed]
[2025-02-11 20:39:20,730: INFO: main: Data TransformationStarted]
[2025-02-11 20:39:20,738: INFO: common: yaml file: config\config.yaml file loaded successfully]
[2025-02-11 20:39:20,738: INFO: common: yaml file: params.yaml file loaded successfully]
[2025-02-11 20:39:20,738: INFO: common: yaml file: schema.yaml file loaded successfully]
[2025-02-11 20:39:20,738: INFO: common: created directory at artifacts]
[2025-02-11 20:39:20,738: INFO: common: created directory at artifacts/data_transformation]
[2025-02-11 20:39:20,786: INFO: data_transformation: Spliitted data into train and test set]
[2025-02-11 20:39:20,786: INFO: data_transformation: (1199, 12)]
[2025-02-11 20:39:20,794: INFO: data_transformation: (400, 12)]
[2025-02-11 20:39:20,794: INFO: main: Data Transformation is completed]
[2025-02-11 20:39:20,794: INFO: main: Model Trainer is Started]
[2025-02-11 20:39:20,802: INFO: common: yaml file: config\config.yaml file loaded successfully]
[2025-02-11 20:39:20,802: INFO: common: yaml file: params.yaml file loaded successfully]
[2025-02-11 20:39:20,810: INFO: common: yaml file: schema.yaml file loaded successfully]
[2025-02-11 20:39:20,810: INFO: common: created directory at artifacts]
[2025-02-11 20:39:20,810: INFO: common: created directory at artifacts/model_training]
[2025-02-11 20:39:20,863: INFO: main: Model Trainer is completed]
[2025-02-11 20:39:20,878: INFO: main: Model_Evaluation started]
[2025-02-11 20:39:20,880: INFO: common: yaml file: config\config.yaml file loaded successfully]
[2025-02-11 20:39:20,880: INFO: common: yaml file: params.yaml file loaded successfully]
[2025-02-11 20:39:20,887: INFO: common: yaml file: schema.yaml file loaded successfully]
[2025-02-11 20:39:20,887: INFO: common: created directory at artifacts]
[2025-02-11 20:39:20,887: INFO: common: created directory at artifacts/model_evaluation]
[2025-02-11 20:53:23,457: INFO: main: DATA_INGESTION_STAGE is Started]
[2025-02-11 20:53:23,465: INFO: common: yaml file: config\config.yaml file loaded successfully]
[2025-02-11 20:53:23,465: INFO: common: yaml file: params.yaml file loaded successfully]
[2025-02-11 20:53:23,473: INFO: common: yaml file: schema.yaml file loaded successfully]
[2025-02-11 20:53:23,473: INFO: common: created directory at artifacts]
[2025-02-11 20:53:23,473: INFO: common: created directory at artifacts/data_ingestion]
[2025-02-11 20:53:23,473: INFO: data_ingestion: file already exists]
[2025-02-11 20:53:23,481: INFO: main: DATA_INGESTION_STAGE Completed]
[2025-02-11 20:53:23,481: INFO: main: Validation Stage Started]
[2025-02-11 20:53:23,489: INFO: common: yaml file: config\config.yaml file loaded successfully]
[2025-02-11 20:53:23,497: INFO: common: yaml file: params.yaml file loaded successfully]
[2025-02-11 20:53:23,505: INFO: common: yaml file: schema.yaml file loaded successfully]
[2025-02-11 20:53:23,507: INFO: common: created directory at artifacts]
[2025-02-11 20:53:23,508: INFO: common: created directory at artifacts/data_validation]
[2025-02-11 20:53:23,551: INFO: main: Validation Stage is completed]
[2025-02-11 20:53:23,551: INFO: main: Data TransformationStarted]
[2025-02-11 20:53:23,567: INFO: common: yaml file: config\config.yaml file loaded successfully]
[2025-02-11 20:53:23,567: INFO: common: yaml file: params.yaml file loaded successfully]
[2025-02-11 20:53:23,567: INFO: common: yaml file: schema.yaml file loaded successfully]
[2025-02-11 20:53:23,575: INFO: common: created directory at artifacts]
[2025-02-11 20:53:23,575: INFO: common: created directory at artifacts/data_transformation]
[2025-02-11 20:53:23,611: INFO: data_transformation: Spliitted data into train and test set]
[2025-02-11 20:53:23,619: INFO: data_transformation: (1199, 12)]
[2025-02-11 20:53:23,619: INFO: data_transformation: (400, 12)]
[2025-02-11 20:53:23,619: INFO: main: Data Transformation is completed]
[2025-02-11 20:53:23,619: INFO: main: Model Trainer is Started]
[2025-02-11 20:53:23,619: INFO: common: yaml file: config\config.yaml file loaded successfully]
[2025-02-11 20:53:23,619: INFO: common: yaml file: params.yaml file loaded successfully]
[2025-02-11 20:53:23,633: INFO: common: yaml file: schema.yaml file loaded successfully]
[2025-02-11 20:53:23,635: INFO: common: created directory at artifacts]
[2025-02-11 20:53:23,635: INFO: common: created directory at artifacts/model_training]
[2025-02-11 20:53:23,691: INFO: main: Model Trainer is completed]
[2025-02-11 20:53:23,691: INFO: main: Model_Evaluation started]
[2025-02-11 20:53:23,701: INFO: common: yaml file: config\config.yaml file loaded successfully]
[2025-02-11 20:53:23,701: INFO: common: yaml file: params.yaml file loaded successfully]
[2025-02-11 20:53:23,701: INFO: common: yaml file: schema.yaml file loaded successfully]
[2025-02-11 20:53:23,708: INFO: common: created directory at artifacts]
[2025-02-11 20:53:23,709: INFO: common: created directory at artifacts/model_evaluation]
[2025-02-11 20:53:25,237: INFO: common: json file created at artifacts\model_evaluation\metrics.json]
[2025-02-11 20:54:01,135: INFO: main: DATA_INGESTION_STAGE is Started]
[2025-02-11 20:54:01,143: INFO: common: yaml file: config\config.yaml file loaded successfully]
[2025-02-11 20:54:01,143: INFO: common: yaml file: params.yaml file loaded successfully]
[2025-02-11 20:54:01,151: INFO: common: yaml file: schema.yaml file loaded successfully]
[2025-02-11 20:54:01,151: INFO: common: created directory at artifacts]
[2025-02-11 20:54:01,151: INFO: common: created directory at artifacts/data_ingestion]
[2025-02-11 20:54:01,151: INFO: data_ingestion: file already exists]
[2025-02-11 20:54:01,159: INFO: main: DATA_INGESTION_STAGE Completed]
[2025-02-11 20:54:01,159: INFO: main: Validation Stage Started]
[2025-02-11 20:54:01,167: INFO: common: yaml file: config\config.yaml file loaded successfully]
[2025-02-11 20:54:01,167: INFO: common: yaml file: params.yaml file loaded successfully]
[2025-02-11 20:54:01,167: INFO: common: yaml file: schema.yaml file loaded successfully]
[2025-02-11 20:54:01,175: INFO: common: created directory at artifacts]
[2025-02-11 20:54:01,175: INFO: common: created directory at artifacts/data_validation]
[2025-02-11 20:54:01,231: INFO: main: Validation Stage is completed]
[2025-02-11 20:54:01,231: INFO: main: Data TransformationStarted]
[2025-02-11 20:54:01,244: INFO: common: yaml file: config\config.yaml file loaded successfully]
[2025-02-11 20:54:01,244: INFO: common: yaml file: params.yaml file loaded successfully]
[2025-02-11 20:54:01,252: INFO: common: yaml file: schema.yaml file loaded successfully]
[2025-02-11 20:54:01,252: INFO: common: created directory at artifacts]
[2025-02-11 20:54:01,252: INFO: common: created directory at artifacts/data_transformation]
[2025-02-11 20:54:01,297: INFO: data_transformation: Spliitted data into train and test set]
[2025-02-11 20:54:01,297: INFO: data_transformation: (1199, 12)]
[2025-02-11 20:54:01,297: INFO: data_transformation: (400, 12)]
[2025-02-11 20:54:01,297: INFO: main: Data Transformation is completed]
[2025-02-11 20:54:01,297: INFO: main: Model Trainer is Started]
[2025-02-11 20:54:01,297: INFO: common: yaml file: config\config.yaml file loaded successfully]
[2025-02-11 20:54:01,297: INFO: common: yaml file: params.yaml file loaded successfully]
[2025-02-11 20:54:01,310: INFO: common: yaml file: schema.yaml file loaded successfully]
[2025-02-11 20:54:01,310: INFO: common: created directory at artifacts]
[2025-02-11 20:54:01,318: INFO: common: created directory at artifacts/model_training]
[2025-02-11 20:54:01,425: INFO: main: Model Trainer is completed]
[2025-02-11 20:54:01,425: INFO: main: Model_Evaluation started]
[2025-02-11 20:54:01,433: INFO: common: yaml file: config\config.yaml file loaded successfully]
[2025-02-11 20:54:01,433: INFO: common: yaml file: params.yaml file loaded successfully]
[2025-02-11 20:54:01,441: INFO: common: yaml file: schema.yaml file loaded successfully]
[2025-02-11 20:54:01,449: INFO: common: created directory at artifacts]
[2025-02-11 20:54:01,449: INFO: common: created directory at artifacts/model_evaluation]
[2025-02-11 20:54:02,980: INFO: common: json file created at artifacts\model_evaluation\metrics.json]
[2025-02-11 20:54:17,258: INFO: main: Model_Evaluation completed]
